<?xml version="1.0" encoding="UTF-8"?>
<testsuite xmlns:xsi="http://www.w3.org/2001/XMLSchema-instance" xsi:noNamespaceSchemaLocation="https://maven.apache.org/surefire/maven-surefire-plugin/xsd/surefire-test-report-3.0.xsd" version="3.0" name="praktikum.BunTest" time="0.141" tests="3" errors="0" skipped="0" failures="0">
  <properties>
    <property name="java.specification.version" value="21"/>
    <property name="sun.cpu.isalist" value="amd64"/>
    <property name="sun.jnu.encoding" value="Cp1251"/>
    <property name="java.class.path" value="C:\Users\MMuradzade\IdeaProjects\Diplom\QA-java-diplom-1\target\test-classes;C:\Users\MMuradzade\IdeaProjects\Diplom\QA-java-diplom-1\target\classes;C:\Users\MMuradzade\.m2\repository\org\mockito\mockito-core\3.12.4\mockito-core-3.12.4.jar;C:\Users\MMuradzade\.m2\repository\net\bytebuddy\byte-buddy-agent\1.11.13\byte-buddy-agent-1.11.13.jar;C:\Users\MMuradzade\.m2\repository\org\objenesis\objenesis\3.2\objenesis-3.2.jar;C:\Users\MMuradzade\.m2\repository\junit\junit\4.13.2\junit-4.13.2.jar;C:\Users\MMuradzade\.m2\repository\org\hamcrest\hamcrest-core\1.3\hamcrest-core-1.3.jar;C:\Users\MMuradzade\.m2\repository\net\bytebuddy\byte-buddy\1.11.16\byte-buddy-1.11.16.jar;"/>
    <property name="java.vm.vendor" value="Microsoft"/>
    <property name="sun.arch.data.model" value="64"/>
    <property name="user.variant" value=""/>
    <property name="java.vendor.url" value="https://www.microsoft.com"/>
    <property name="user.timezone" value="Europe/Moscow"/>
    <property name="user.country.format" value="RU"/>
    <property name="os.name" value="Windows 10"/>
    <property name="java.vm.specification.version" value="21"/>
    <property name="sun.java.launcher" value="SUN_STANDARD"/>
    <property name="user.country" value="US"/>
    <property name="sun.boot.library.path" value="C:\Program Files\Microsoft\bin"/>
    <property name="sun.java.command" value="C:\Users\MMuradzade\AppData\Local\Temp\surefire3286887508235802889\surefirebooter-20241120180651964_3.jar C:\Users\MMuradzade\AppData\Local\Temp\surefire3286887508235802889 2024-11-20T18-06-51_852-jvmRun1 surefire-20241120180651964_1tmp surefire_0-20241120180651964_2tmp"/>
    <property name="jdk.debug" value="release"/>
    <property name="surefire.test.class.path" value="C:\Users\MMuradzade\IdeaProjects\Diplom\QA-java-diplom-1\target\test-classes;C:\Users\MMuradzade\IdeaProjects\Diplom\QA-java-diplom-1\target\classes;C:\Users\MMuradzade\.m2\repository\org\mockito\mockito-core\3.12.4\mockito-core-3.12.4.jar;C:\Users\MMuradzade\.m2\repository\net\bytebuddy\byte-buddy-agent\1.11.13\byte-buddy-agent-1.11.13.jar;C:\Users\MMuradzade\.m2\repository\org\objenesis\objenesis\3.2\objenesis-3.2.jar;C:\Users\MMuradzade\.m2\repository\junit\junit\4.13.2\junit-4.13.2.jar;C:\Users\MMuradzade\.m2\repository\org\hamcrest\hamcrest-core\1.3\hamcrest-core-1.3.jar;C:\Users\MMuradzade\.m2\repository\net\bytebuddy\byte-buddy\1.11.16\byte-buddy-1.11.16.jar;"/>
    <property name="sun.cpu.endian" value="little"/>
    <property name="user.home" value="C:\Users\MMuradzade"/>
    <property name="user.language" value="en"/>
    <property name="java.specification.vendor" value="Oracle Corporation"/>
    <property name="java.version.date" value="2023-09-19"/>
    <property name="java.home" value="C:\Program Files\Microsoft"/>
    <property name="file.separator" value="\"/>
    <property name="basedir" value="C:\Users\MMuradzade\IdeaProjects\Diplom\QA-java-diplom-1"/>
    <property name="java.vm.compressedOopsMode" value="Zero based"/>
    <property name="line.separator" value="&#10;"/>
    <property name="java.vm.specification.vendor" value="Oracle Corporation"/>
    <property name="java.specification.name" value="Java Platform API Specification"/>
    <property name="surefire.real.class.path" value="C:\Users\MMuradzade\AppData\Local\Temp\surefire3286887508235802889\surefirebooter-20241120180651964_3.jar"/>
    <property name="user.script" value=""/>
    <property name="sun.management.compiler" value="HotSpot 64-Bit Tiered Compilers"/>
    <property name="java.runtime.version" value="21+35-LTS"/>
    <property name="user.name" value="MMuradzade"/>
    <property name="stdout.encoding" value="Cp1251"/>
    <property name="path.separator" value=";"/>
    <property name="os.version" value="10.0"/>
    <property name="java.runtime.name" value="OpenJDK Runtime Environment"/>
    <property name="file.encoding" value="UTF-8"/>
    <property name="java.vm.name" value="OpenJDK 64-Bit Server VM"/>
    <property name="java.vendor.version" value="Microsoft-8425986"/>
    <property name="localRepository" value="C:\Users\MMuradzade\.m2\repository"/>
    <property name="java.vendor.url.bug" value="https://github.com/microsoft/openjdk/issues"/>
    <property name="java.io.tmpdir" value="C:\Users\MMURAD~1\AppData\Local\Temp\"/>
    <property name="idea.version" value="2024.2.3"/>
    <property name="java.version" value="21"/>
    <property name="user.dir" value="C:\Users\MMuradzade\IdeaProjects\Diplom\QA-java-diplom-1"/>
    <property name="os.arch" value="amd64"/>
    <property name="java.vm.specification.name" value="Java Virtual Machine Specification"/>
    <property name="user.language.format" value="ru"/>
    <property name="sun.os.patch.level" value=""/>
    <property name="native.encoding" value="Cp1251"/>
    <property name="java.library.path" value="C:\Program Files\Microsoft\bin;C:\windows\Sun\Java\bin;C:\windows\system32;C:\windows;C:\Python312\Scripts\;C:\Python312\;C:\Program Files\Microsoft\bin;C:\windows\system32;C:\windows;C:\windows\System32\Wbem;C:\windows\System32\WindowsPowerShell\v1.0\;C:\windows\System32\OpenSSH\;C:\Program Files\Git\cmd;C:\Users\MMuradzade\apache-maven-3.9.8-bin\apache-maven-3.9.8\bin;C:\Users\MMuradzade\AppData\Local\Android\Sdk\platform-tools;C:\Program Files\nodejs\;C:\ProgramData\chocolatey\bin;&quot;C:\Python312\Scripts\;C:\Python312\;C:\Program Files\Microsoft\bin;C:\windows\system32;C:\windows;C:\windows\System32\Wbem;C:\windows\System32\WindowsPowerShell\v1.0\;C:\windows\System32\OpenSSH\;C:\Program Files\Git\cmd;C:\Users\MMuradzade\apache-maven-3.9.8-bin\apache-maven-3.9.8\bin;C:\Users\MMuradzade\AppData\Local\Android\Sdk\platform-tools;C:\Program Files\nodejs\;C:\ProgramData\chocolatey\bin;&quot;C:\Python312\Scripts\;C:\Python312\;C:\Program Files\Microsoft\bin;C:\windows\system32;C:\windows;C:\windows\System32\Wbem;C:\windows\System32\WindowsPowerShell\v1.0\;C:\windows\System32\OpenSSH\;C:\Program Files\Git\cmd;C:\Users\MMuradzade\apache-maven-3.9.8-bin\apache-maven-3.9.8\bin;C:\Users\MMuradzade\AppData\Local\Android\Sdk\platform-tools;C:\Program Files\nodejs\;C:\ProgramData\chocolatey\bin;&quot;C:\windows\System32;C:\Users\MMuradzade\AppData\Local\Android\Sdk&quot;;C:\Users\MMuradzade\AppData\Local\Android\Sdk\platform-tools;C:\Program Files\Docker\Docker\resources\bin;C:\Users\MMuradzade\Downloads\allure-commandline-2.9.0\allure-2.9.0\bin;;C:\Users\MMuradzade\AppData\Local\Android\Sdk&quot;;C:\Users\MMuradzade\AppData\Local\Android\Sdk\platform-tools;C:\Program Files\Docker\Docker\resources\bin;C:\Users\MMuradzade\Downloads\allure-commandline-2.9.0\allure-2.9.0\bin;;C:\Users\MMuradzade\AppData\Local\Android\Sdk&quot;;C:\Users\MMuradzade\AppData\Local\Android\Sdk\platform-tools;C:\Program Files\Docker\Docker\resources\bin;C:\Users\MMuradzade\Downloads\allure-commandline-2.9.0\allure-2.9.0\bin;C:\Users\MMuradzade\AppData\Local\Microsoft\WindowsApps;C:\Users\MMuradzade\AppData\Local\JetBrains\IntelliJ IDEA Community Edition 2023.3.4\bin;;C:\Users\MMuradzade\apache-maven-3.9.8-bin\apache-maven-3.9.8\bin;C:\Users\MMuradzade\AppData\Local\Microsoft\WinGet\Packages\Schniz.fnm_Microsoft.Winget.Source_8wekyb3d8bbwe;C:\Users\MMuradzade\AppData\Roaming\npm;C:\Program Files\JetBrains\IntelliJ IDEA 2024.2.3\bin;;C:\Users\MMuradzade\Downloads\allure-commandline-2.9.0\allure-2.9.0\bin;;."/>
    <property name="java.vm.info" value="mixed mode, sharing"/>
    <property name="stderr.encoding" value="Cp1251"/>
    <property name="java.vendor" value="Microsoft"/>
    <property name="java.vm.version" value="21+35-LTS"/>
    <property name="sun.io.unicode.encoding" value="UnicodeLittle"/>
    <property name="java.class.version" value="65.0"/>
  </properties>
  <testcase name="testBunAttributes[0]" classname="praktikum.BunTest" time="0.026"/>
  <testcase name="testBunAttributes[1]" classname="praktikum.BunTest" time="0.0"/>
  <testcase name="testBunAttributes[2]" classname="praktikum.BunTest" time="0.0"/>
</testsuite>